0 info it worked if it ends with ok
1 verbose cli [ '/usr/local/bin/node', '/usr/local/bin/npm', 'publish' ]
2 info using npm@3.6.0
3 info using node@v5.6.0
4 verbose publish [ '.' ]
5 silly cache add args [ '.', null ]
6 verbose cache add spec .
7 silly cache add parsed spec Result {
7 silly cache add   raw: '.',
7 silly cache add   scope: null,
7 silly cache add   name: null,
7 silly cache add   rawSpec: '.',
7 silly cache add   spec: '/Users/james/Documents/Github/mongoose-create-model',
7 silly cache add   type: 'directory' }
8 verbose addLocalDirectory /Users/james/.npm/mongoose-create-model/0.0.1/package.tgz not in flight; packing
9 verbose correctMkdir /Users/james/.npm correctMkdir not in flight; initializing
10 info lifecycle mongoose-create-model@0.0.1~prepublish: mongoose-create-model@0.0.1
11 silly lifecycle mongoose-create-model@0.0.1~prepublish: no script for prepublish, continuing
12 verbose tar pack [ '/Users/james/.npm/mongoose-create-model/0.0.1/package.tgz',
12 verbose tar pack   '/Users/james/Documents/Github/mongoose-create-model' ]
13 verbose tarball /Users/james/.npm/mongoose-create-model/0.0.1/package.tgz
14 verbose folder /Users/james/Documents/Github/mongoose-create-model
15 verbose addLocalTarball adding from inside cache /Users/james/.npm/mongoose-create-model/0.0.1/package.tgz
16 verbose correctMkdir /Users/james/.npm correctMkdir not in flight; initializing
17 silly cache afterAdd mongoose-create-model@0.0.1
18 verbose afterAdd /Users/james/.npm/mongoose-create-model/0.0.1/package/package.json not in flight; writing
19 verbose correctMkdir /Users/james/.npm correctMkdir not in flight; initializing
20 verbose afterAdd /Users/james/.npm/mongoose-create-model/0.0.1/package/package.json written
21 silly publish { name: 'mongoose-create-model',
21 silly publish   version: '0.0.1',
21 silly publish   description: 'Wraps mongoose.model in a try/catch',
21 silly publish   main: 'index.js',
21 silly publish   scripts: { test: 'echo "Error: no test specified" && exit 1' },
21 silly publish   keywords: [ 'mongoose' ],
21 silly publish   repository:
21 silly publish    { type: 'git',
21 silly publish      url: 'git+https://github.com/James1x0/mongoose-create-model.git' },
21 silly publish   author: { name: 'James1x0' },
21 silly publish   license: 'MIT',
21 silly publish   gitHead: '22d6c6242fb09e53a3eb0b00b03a703aa3b39399',
21 silly publish   bugs: { url: 'https://github.com/James1x0/mongoose-create-model/issues' },
21 silly publish   readme: 'ERROR: No README data found!',
21 silly publish   homepage: 'https://github.com/James1x0/mongoose-create-model#readme',
21 silly publish   _id: 'mongoose-create-model@0.0.1',
21 silly publish   _shasum: '6198c06dda6e87b630d1547847a3ccdaa7bf17fa',
21 silly publish   _from: '.' }
22 verbose getPublishConfig undefined
23 silly mapToRegistry name mongoose-create-model
24 silly mapToRegistry using default registry
25 silly mapToRegistry registry https://registry.npmjs.org/
26 silly mapToRegistry uri https://registry.npmjs.org/mongoose-create-model
27 verbose publish registryBase https://registry.npmjs.org/
28 silly publish uploading /Users/james/.npm/mongoose-create-model/0.0.1/package.tgz
29 verbose request uri https://registry.npmjs.org/mongoose-create-model
30 verbose request sending authorization for write operation
31 info attempt registry request try #1 at 7:21:29 AM
32 verbose request id 82ff082b9fe1ee40
33 http request PUT https://registry.npmjs.org/mongoose-create-model
34 http 403 https://registry.npmjs.org/mongoose-create-model
35 verbose headers { 'content-type': 'application/json',
35 verbose headers   'cache-control': 'max-age=300',
35 verbose headers   'content-length': '95',
35 verbose headers   'accept-ranges': 'bytes',
35 verbose headers   date: 'Wed, 11 May 2016 13:21:30 GMT',
35 verbose headers   via: '1.1 varnish',
35 verbose headers   connection: 'keep-alive',
35 verbose headers   'x-served-by': 'cache-ord1740-ORD',
35 verbose headers   'x-cache': 'MISS',
35 verbose headers   'x-cache-hits': '0',
35 verbose headers   'x-timer': 'S1462972889.367631,VS0,VE1076',
35 verbose headers   vary: 'Accept-Encoding' }
36 verbose request invalidating /Users/james/.npm/registry.npmjs.org/mongoose-create-model on PUT
37 error publish Failed PUT 403
38 verbose stack Error: "You cannot publish over the previously published version 0.0.1." : mongoose-create-model
38 verbose stack     at makeError (/usr/local/lib/node_modules/npm/node_modules/npm-registry-client/lib/request.js:264:12)
38 verbose stack     at CachingRegistryClient.<anonymous> (/usr/local/lib/node_modules/npm/node_modules/npm-registry-client/lib/request.js:252:14)
38 verbose stack     at Request._callback (/usr/local/lib/node_modules/npm/node_modules/npm-registry-client/lib/request.js:172:14)
38 verbose stack     at Request.self.callback (/usr/local/lib/node_modules/npm/node_modules/request/request.js:198:22)
38 verbose stack     at emitTwo (events.js:100:13)
38 verbose stack     at Request.emit (events.js:185:7)
38 verbose stack     at Request.<anonymous> (/usr/local/lib/node_modules/npm/node_modules/request/request.js:1035:10)
38 verbose stack     at emitOne (events.js:95:20)
38 verbose stack     at Request.emit (events.js:182:7)
38 verbose stack     at IncomingMessage.<anonymous> (/usr/local/lib/node_modules/npm/node_modules/request/request.js:962:12)
39 verbose statusCode 403
40 verbose pkgid mongoose-create-model
41 verbose cwd /Users/james/Documents/Github/mongoose-create-model
42 error Darwin 15.4.0
43 error argv "/usr/local/bin/node" "/usr/local/bin/npm" "publish"
44 error node v5.6.0
45 error npm  v3.6.0
46 error code E403
47 error "You cannot publish over the previously published version 0.0.1." : mongoose-create-model
48 error If you need help, you may report this error at:
48 error     <https://github.com/npm/npm/issues>
49 verbose exit [ 1, true ]
